[23:05:26] [main/INFO]: ModLauncher running: args [--username, lenny_the_god, --version, forge-43.2.8, --gameDir, C:\Users\Julian\curseforge\minecraft\Instances\JYNXZIE, --assetsDir, C:\Users\Julian\curseforge\minecraft\Install\assets, --assetIndex, 1.19, --uuid, 368d97913849423bb592becbccbf7a6f, --accessToken, ????????, --clientId, MDhiNGY4ZjItMmI2Yy00ZWVhLWJjOTItNWFkMGNhMmJiYjFj, --xuid, 2535415158628622, --userType, msa, --versionType, release, --width, 1024, --height, 768, --launchTarget, forgeclient, --fml.forgeVersion, 43.2.8, --fml.mcVersion, 1.19.2, --fml.forgeGroup, net.minecraftforge, --fml.mcpVersion, 20220805.130853]
[23:05:26] [main/INFO]: ModLauncher 10.0.8+10.0.8+main.0ef7e830 starting: java version 17.0.3 by Microsoft; OS Windows 10 arch amd64 version 10.0
[23:05:28] [main/INFO]: SpongePowered MIXIN Subsystem Version=0.8.5 Source=union:/C:/Users/Julian/curseforge/minecraft/Install/libraries/org/spongepowered/mixin/0.8.5/mixin-0.8.5.jar%2391!/ Service=ModLauncher Env=CLIENT
[23:05:30] [main/INFO]: Found mod file abnormals_delight-1.19.2-4.0.2.jar of type MOD with provider {mods folder locator at C:\Users\Julian\curseforge\minecraft\Instances\JYNXZIE\mods}
[23:05:30] [main/INFO]: Found mod file AdChimneys-1.19.2-9.1.9.0-build.0767.jar of type MOD with provider {mods folder locator at C:\Users\Julian\curseforge\minecraft\Instances\JYNXZIE\mods}
[23:05:30] [main/INFO]: Found mod file AdHooks-1.19.2-9.0.3.0-build.0543.jar of type MOD with provider {mods folder locator at C:\Users\Julian\curseforge\minecraft\Instances\JYNXZIE\mods}
[23:05:30] [main/INFO]: Found mod file AdPother-1.19.2-7.0.9.0-build.0803.jar of type MOD with provider {mods folder locator at C:\Users\Julian\curseforge\minecraft\Instances\JYNXZIE\mods}
[23:05:30] [main/INFO]: Found mod file AkashicTome-1.6-23.jar of type MOD with provider {mods folder locator at C:\Users\Julian\curseforge\minecraft\Instances\JYNXZIE\mods}
[23:05:30] [main/INFO]: Found mod file Alex's Mobs Music Mod.jar of type MOD with provider {mods folder locator at C:\Users\Julian\curseforge\minecraft\Instances\JYNXZIE\mods}
[23:05:30] [main/INFO]: Found mod file Alexs Armoury v1.4.1-1.19.2.jar of type MOD with provider {mods folder locator at C:\Users\Julian\curseforge\minecraft\Instances\JYNXZIE\mods}
[23:05:30] [main/INFO]: Found mod file alexsdelight-1.4.1.jar of type MOD with provider {mods folder locator at C:\Users\Julian\curseforge\minecraft\Instances\JYNXZIE\mods}
[23:05:30] [main/INFO]: Found mod file alexsmobs-1.21.1.jar of type MOD with provider {mods folder locator at C:\Users\Julian\curseforge\minecraft\Instances\JYNXZIE\mods}
[23:05:30] [main/INFO]: Found mod file AmbientEnvironment-forge-1.19.2-8.0+3.jar of type MOD with provider {mods folder locator at C:\Users\Julian\curseforge\minecraft\Instances\JYNXZIE\mods}
[23:05:30] [main/INFO]: Found mod file AmbientSounds_FORGE_v5.2.13_mc1.19.2.jar of type MOD with provider {mods folder locator at C:\Users\Julian\curseforge\minecraft\Instances\JYNXZIE\mods}
[23:05:30] [main/INFO]: Found mod file Animalistic_mod_1.2.0_1.19.2.jar of type MOD with provider {mods folder locator at C:\Users\Julian\curseforge\minecraft\Instances\JYNXZIE\mods}
[23:05:30] [main/INFO]: Found mod file AoA3-1.19.2-3.6.18.jar of type MOD with provider {mods folder locator at C:\Users\Julian\curseforge\minecraft\Instances\JYNXZIE\mods}
[23:05:30] [main/INFO]: Found mod file appleskin-forge-mc1.19-2.4.2.jar of type MOD with provider {mods folder locator at C:\Users\Julian\curseforge\minecraft\Instances\JYNXZIE\mods}
[23:05:30] [main/INFO]: Found mod file Aquaculture-1.19.2-2.4.8.jar of type MOD with provider {mods folder locator at C:\Users\Julian\curseforge\minecraft\Instances\JYNXZIE\mods}
[23:05:30] [main/INFO]: Found mod file Aquamirae Mod EXTRA Music.jar of type MOD with provider {mods folder locator at C:\Users\Julian\curseforge\minecraft\Instances\JYNXZIE\mods}
[23:05:30] [main/INFO]: Found mod file aquamirae-5.6.API14.jar of type MOD with provider {mods folder locator at C:\Users\Julian\curseforge\minecraft\Instances\JYNXZIE\mods}
[23:05:30] [main/INFO]: Found mod file aquaticfrontiers1.3.jar of type MOD with provider {mods folder locator at C:\Users\Julian\curseforge\minecraft\Instances\JYNXZIE\mods}
[23:05:30] [main/INFO]: Found mod file architectury-6.5.77-forge.jar of type MOD with provider {mods folder locator at C:\Users\Julian\curseforge\minecraft\Instances\JYNXZIE\mods}
[23:05:30] [main/INFO]: Found mod file armor-weight-1.19.2-1.0.1.jar of type MOD with provider {mods folder locator at C:\Users\Julian\curseforge\minecraft\Instances\JYNXZIE\mods}
[23:05:30] [main/INFO]: Found mod file ars_nouveau-1.19.2-3.13.2.jar of type MOD with provider {mods folder locator at C:\Users\Julian\curseforge\minecraft\Instances\JYNXZIE\mods}
[23:05:30] [main/INFO]: Found mod file artifacts-1.19.2-5.0.2.jar of type MOD with provider {mods folder locator at C:\Users\Julian\curseforge\minecraft\Instances\JYNXZIE\mods}
[23:05:30] [main/INFO]: Found mod file astikorcarts-1.19.2-1.1.2.jar of type MOD with provider {mods folder locator at C:\Users\Julian\curseforge\minecraft\Instances\JYNXZIE\mods}
[23:05:30] [main/INFO]: Found mod file atmospheric-1.19.2-5.0.0.jar of type MOD with provider {mods folder locator at C:\Users\Julian\curseforge\minecraft\Instances\JYNXZIE\mods}
[23:05:30] [main/INFO]: Found mod file AutoRegLib-1.8.2-55.jar of type MOD with provider {mods folder locator at C:\Users\Julian\curseforge\minecraft\Instances\JYNXZIE\mods}
[23:05:30] [main/INFO]: Found mod file autumnity-1.19.2-4.0.0.jar of type MOD with provider {mods folder locator at C:\Users\Julian\curseforge\minecraft\Instances\JYNXZIE\mods}
[23:05:30] [main/INFO]: Found mod file balm-forge-1.19.2-4.5.7.jar of type MOD with provider {mods folder locator at C:\Users\Julian\curseforge\minecraft\Instances\JYNXZIE\mods}
[23:05:30] [main/INFO]: Found mod file Better Fishing Rods 1.0.0 - 1.19.2.jar of type MOD with provider {mods folder locator at C:\Users\Julian\curseforge\minecraft\Instances\JYNXZIE\mods}
[23:05:30] [main/INFO]: Found mod file betteranimalsplus-1.19.2-11.0.10-forge.jar of type MOD with provider {mods folder locator at C:\Users\Julian\curseforge\minecraft\Instances\JYNXZIE\mods}
[23:05:30] [main/INFO]: Found mod file bettercombat-forge-1.6.2+1.19.jar of type MOD with provider {mods folder locator at C:\Users\Julian\curseforge\minecraft\Instances\JYNXZIE\mods}
[23:05:30] [main/INFO]: Found mod file BetterCrates-1.19.2-1.0.0.jar of type MOD with provider {mods folder locator at C:\Users\Julian\curseforge\minecraft\Instances\JYNXZIE\mods}
[23:05:30] [main/INFO]: Found mod file betterfpsdist-1.19.2-1.8.jar of type MOD with provider {mods folder locator at C:\Users\Julian\curseforge\minecraft\Instances\JYNXZIE\mods}
[23:05:30] [main/INFO]: Found mod file bettergolem-1.19.2-2.0.0.jar of type MOD with provider {mods folder locator at C:\Users\Julian\curseforge\minecraft\Instances\JYNXZIE\mods}
[23:05:30] [main/INFO]: Found mod file betterstats-2.2.2+1.19.2.jar of type MOD with provider {mods folder locator at C:\Users\Julian\curseforge\minecraft\Instances\JYNXZIE\mods}
[23:05:30] [main/INFO]: Found mod file BetterThirdPerson-Forge-1.19-1.9.0.jar of type MOD with provider {mods folder locator at C:\Users\Julian\curseforge\minecraft\Instances\JYNXZIE\mods}
[23:05:30] [main/INFO]: Found mod file BetterTridents-v4.0.2-1.19.2-Forge.jar of type MOD with provider {mods folder locator at C:\Users\Julian\curseforge\minecraft\Instances\JYNXZIE\mods}
[23:05:30] [main/INFO]: Found mod file bettervillage-forge-1.19.2-3.1.0.jar of type MOD with provider {mods folder locator at C:\Users\Julian\curseforge\minecraft\Instances\JYNXZIE\mods}
[23:05:30] [main/INFO]: Found mod file BiomesOPlenty-1.19.2-17.1.1.162.jar of type MOD with provider {mods folder locator at C:\Users\Julian\curseforge\minecraft\Instances\JYNXZIE\mods}
[23:05:30] [main/INFO]: Found mod file blockui-1.19-0.0.64-ALPHA.jar of type MOD with provider {mods folder locator at C:\Users\Julian\curseforge\minecraft\Instances\JYNXZIE\mods}
[23:05:30] [main/INFO]: Found mod file blueprint-1.19.2-6.1.2.jar of type MOD with provider {mods folder locator at C:\Users\Julian\curseforge\minecraft\Instances\JYNXZIE\mods}
[23:05:30] [main/INFO]: Found mod file Bookshelf-Forge-1.19.2-16.2.18.jar of type MOD with provider {mods folder locator at C:\Users\Julian\curseforge\minecraft\Instances\JYNXZIE\mods}
[23:05:30] [main/INFO]: Found mod file Boss Music Mod 1.19.jar of type MOD with provider {mods folder locator at C:\Users\Julian\curseforge\minecraft\Instances\JYNXZIE\mods}
[23:05:30] [main/INFO]: Found mod file Bossominium-U-12-1.19.2.jar of type MOD with provider {mods folder locator at C:\Users\Julian\curseforge\minecraft\Instances\JYNXZIE\mods}
[23:05:30] [main/INFO]: Found mod file Botania-1.19.2-438-FORGE.jar of type MOD with provider {mods folder locator at C:\Users\Julian\curseforge\minecraft\Instances\JYNXZIE\mods}
[23:05:30] [main/INFO]: Found mod file broglisbugs-0.1.3-1.19.jar of type MOD with provider {mods folder locator at C:\Users\Julian\curseforge\minecraft\Instances\JYNXZIE\mods}
[23:05:30] [main/INFO]: Found mod file bunchobugs-1.3.2-1.19.2.jar of type MOD with provider {mods folder locator at C:\Users\Julian\curseforge\minecraft\Instances\JYNXZIE\mods}
[23:05:30] [main/INFO]: Found mod file catalogue-1.7.0-1.19.2.jar of type MOD with provider {mods folder locator at C:\Users\Julian\curseforge\minecraft\Instances\JYNXZIE\mods}
[23:05:30] [main/INFO]: Found mod file charmofundying-forge-6.1.1+1.19.2.jar of type MOD with provider {mods folder locator at C:\Users\Julian\curseforge\minecraft\Instances\JYNXZIE\mods}
[23:05:30] [main/INFO]: Found mod file chisels-and-bits-forge-1.3.135.jar of type MOD with provider {mods folder locator at C:\Users\Julian\curseforge\minecraft\Instances\JYNXZIE\mods}
[23:05:30] [main/INFO]: Found mod file citadel-2.1.3-1.19.jar of type MOD with provider {mods folder locator at C:\Users\Julian\curseforge\minecraft\Instances\JYNXZIE\mods}
[23:05:30] [main/INFO]: Found mod file clienttweaks-forge-1.19.2-8.1.1.jar of type MOD with provider {mods folder locator at C:\Users\Julian\curseforge\minecraft\Instances\JYNXZIE\mods}
[23:05:30] [main/INFO]: Found mod file cloth-config-8.2.88-forge.jar of type MOD with provider {mods folder locator at C:\Users\Julian\curseforge\minecraft\Instances\JYNXZIE\mods}
[23:05:30] [main/INFO]: Found mod file Clumps-forge-1.19.2-9.0.0+14.jar of type MOD with provider {mods folder locator at C:\Users\Julian\curseforge\minecraft\Instances\JYNXZIE\mods}
[23:05:30] [main/INFO]: Found mod file cofh_core-1.19.2-10.2.1.40.jar of type MOD with provider {mods folder locator at C:\Users\Julian\curseforge\minecraft\Instances\JYNXZIE\mods}
[23:05:30] [main/INFO]: Found mod file collective-1.19.2-6.53.jar of type MOD with provider {mods folder locator at C:\Users\Julian\curseforge\minecraft\Instances\JYNXZIE\mods}
[23:05:30] [main/INFO]: Found mod file comforts-forge-6.0.5+1.19.2.jar of type MOD with provider {mods folder locator at C:\Users\Julian\curseforge\minecraft\Instances\JYNXZIE\mods}
[23:05:30] [main/INFO]: Found mod file constructionwand-1.19.2-2.10.jar of type MOD with provider {mods folder locator at C:\Users\Julian\curseforge\minecraft\Instances\JYNXZIE\mods}
[23:05:30] [main/INFO]: Found mod file copperoverhaul-MC1.19.2-22.10.11.jar of type MOD with provider {mods folder locator at C:\Users\Julian\curseforge\minecraft\Instances\JYNXZIE\mods}
[23:05:30] [main/INFO]: Found mod file coralreef-forge-1.19-1.0.2.jar of type MOD with provider {mods folder locator at C:\Users\Julian\curseforge\minecraft\Instances\JYNXZIE\mods}
[23:05:30] [main/INFO]: Found mod file CorgiLib-forge-1.19.2-1.0.0.32.jar of type MOD with provider {mods folder locator at C:\Users\Julian\curseforge\minecraft\Instances\JYNXZIE\mods}
[23:05:30] [main/INFO]: Found mod file CraftTweaker-forge-1.19.2-10.1.41.jar of type MOD with provider {mods folder locator at C:\Users\Julian\curseforge\minecraft\Instances\JYNXZIE\mods}
[23:05:30] [main/INFO]: Found mod file create-1.19.2-0.5.0.i.jar of type MOD with provider {mods folder locator at C:\Users\Julian\curseforge\minecraft\Instances\JYNXZIE\mods}
[23:05:30] [main/INFO]: Found mod file create-confectionery1.19.2_v1.0.8.jar of type MOD with provider {mods folder locator at C:\Users\Julian\curseforge\minecraft\Instances\JYNXZIE\mods}
[23:05:30] [main/INFO]: Found mod file creategoggles-0.5.4[FORGE].jar of type MOD with provider {mods folder locator at C:\Users\Julian\curseforge\minecraft\Instances\JYNXZIE\mods}
[23:05:30] [main/INFO]: Found mod file CreativeCore_FORGE_v2.9.3_mc1.19.2.jar of type MOD with provider {mods folder locator at C:\Users\Julian\curseforge\minecraft\Instances\JYNXZIE\mods}
[23:05:30] [main/INFO]: Found mod file crittersandcompanions-1.19.2-1.1.2.jar of type MOD with provider {mods folder locator at C:\Users\Julian\curseforge\minecraft\Instances\JYNXZIE\mods}
[23:05:30] [main/INFO]: Found mod file Croptopia-1.19.2-FORGE-2.2.2.jar of type MOD with provider {mods folder locator at C:\Users\Julian\curseforge\minecraft\Instances\JYNXZIE\mods}
[23:05:30] [main/INFO]: Found mod file culturaldelights-1.19.2-0.15.1.jar of type MOD with provider {mods folder locator at C:\Users\Julian\curseforge\minecraft\Instances\JYNXZIE\mods}
[23:05:30] [main/INFO]: Found mod file curios-forge-1.19.2-5.1.4.0.jar of type MOD with provider {mods folder locator at C:\Users\Julian\curseforge\minecraft\Instances\JYNXZIE\mods}
[23:05:30] [main/INFO]: Found mod file Cyclic-1.19.2-1.7.14.jar of type MOD with provider {mods folder locator at C:\Users\Julian\curseforge\minecraft\Instances\JYNXZIE\mods}
[23:05:30] [main/INFO]: Found mod file Delightful-1.19.2-3.2.4.jar of type MOD with provider {mods folder locator at C:\Users\Julian\curseforge\minecraft\Instances\JYNXZIE\mods}
[23:05:30] [main/INFO]: Found mod file domum_ornamentum-1.19-1.0.76-ALPHA-universal.jar of type MOD with provider {mods folder locator at C:\Users\Julian\curseforge\minecraft\Instances\JYNXZIE\mods}
[23:05:30] [main/INFO]: Found mod file dragonmounts-1.19.2-1.1.4a.jar of type MOD with provider {mods folder locator at C:\Users\Julian\curseforge\minecraft\Instances\JYNXZIE\mods}
[23:05:30] [main/INFO]: Found mod file DripSounds-1.19-0.3.0.jar of type MOD with provider {mods folder locator at C:\Users\Julian\curseforge\minecraft\Instances\JYNXZIE\mods}
[23:05:30] [main/INFO]: Found mod file dummmmmmy-1.19.2-1.7.1.jar of type MOD with provider {mods folder locator at C:\Users\Julian\curseforge\minecraft\Instances\JYNXZIE\mods}
[23:05:30] [main/INFO]: Found mod file DungeonCrawl-1.19-2.3.12.jar of type MOD with provider {mods folder locator at C:\Users\Julian\curseforge\minecraft\Instances\JYNXZIE\mods}
[23:05:30] [main/INFO]: Found mod file dungeons_libraries-1.19.2-3.0.10-beta.jar of type MOD with provider {mods folder locator at C:\Users\Julian\curseforge\minecraft\Instances\JYNXZIE\mods}
[23:05:30] [main/INFO]: Found mod file dungeons_mobs-1.19.2-4.0.7-beta.jar of type MOD with provider {mods folder locator at C:\Users\Julian\curseforge\minecraft\Instances\JYNXZIE\mods}
[23:05:30] [main/INFO]: Found mod file dynamo-1.19.2-1.0.0.jar of type MOD with provider {mods folder locator at C:\Users\Julian\curseforge\minecraft\Instances\JYNXZIE\mods}
[23:05:30] [main/INFO]: Found mod file dynview-1.19.1-2.9.jar of type MOD with provider {mods folder locator at C:\Users\Julian\curseforge\minecraft\Instances\JYNXZIE\mods}
[23:05:30] [main/INFO]: Found mod file EarthMobs-1.19.2-4.3.3.jar of type MOD with provider {mods folder locator at C:\Users\Julian\curseforge\minecraft\Instances\JYNXZIE\mods}
[23:05:30] [main/INFO]: Found mod file EasyMagic-v4.3.3-1.19.2-Forge.jar of type MOD with provider {mods folder locator at C:\Users\Julian\curseforge\minecraft\Instances\JYNXZIE\mods}
[23:05:30] [main/INFO]: Found mod file ecologics-forge-1.19.2-2.1.11.jar of type MOD with provider {mods folder locator at C:\Users\Julian\curseforge\minecraft\Instances\JYNXZIE\mods}
[23:05:30] [main/INFO]: Found mod file emcbaubles-1.2.jar of type MOD with provider {mods folder locator at C:\Users\Julian\curseforge\minecraft\Instances\JYNXZIE\mods}
[23:05:30] [main/INFO]: Found mod file EnchantmentDescriptions-Forge-1.19.2-13.0.14.jar of type MOD with provider {mods folder locator at C:\Users\Julian\curseforge\minecraft\Instances\JYNXZIE\mods}
[23:05:30] [main/INFO]: Found mod file End's Phantasm - BETAv1.2.10.5 - 1.19.2.jar of type MOD with provider {mods folder locator at C:\Users\Julian\curseforge\minecraft\Instances\JYNXZIE\mods}
[23:05:30] [main/INFO]: Found mod file endersdelight-1.19-1.0.2.jar of type MOD with provider {mods folder locator at C:\Users\Julian\curseforge\minecraft\Instances\JYNXZIE\mods}
[23:05:30] [main/INFO]: Found mod file Entity_Collision_FPS_Fix-forge-1.19-2.0.0.0.jar of type MOD with provider {mods folder locator at C:\Users\Julian\curseforge\minecraft\Instances\JYNXZIE\mods}
[23:05:30] [main/INFO]: Found mod file environmental-1.19.2-3.0.0.jar of type MOD with provider {mods folder locator at C:\Users\Julian\curseforge\minecraft\Instances\JYNXZIE\mods}
[23:05:30] [main/INFO]: Found mod file FarmersDelight-1.19-1.2.0.jar of type MOD with provider {mods folder locator at C:\Users\Julian\curseforge\minecraft\Instances\JYNXZIE\mods}
[23:05:30] [main/INFO]: Found mod file farmingforblockheads-forge-1.19.2-11.2.0.jar of type MOD with provider {mods folder locator at C:\Users\Julian\curseforge\minecraft\Instances\JYNXZIE\mods}
[23:05:30] [main/INFO]: Found mod file farsight-1.19.2-2.1.jar of type MOD with provider {mods folder locator at C:\Users\Julian\curseforge\minecraft\Instances\JYNXZIE\mods}
[23:05:30] [main/INFO]: Found mod file FastFurnace-1.19.2-7.0.0.jar of type MOD with provider {mods folder locator at C:\Users\Julian\curseforge\minecraft\Instances\JYNXZIE\mods}
[23:05:30] [main/INFO]: Found mod file Festive_Delight_1.0_1.19.2.jar of type MOD with provider {mods folder locator at C:\Users\Julian\curseforge\minecraft\Instances\JYNXZIE\mods}
[23:05:30] [main/INFO]: Found mod file feur_builder.jar of type MOD with provider {mods folder locator at C:\Users\Julian\curseforge\minecraft\Instances\JYNXZIE\mods}
[23:05:30] [main/INFO]: Found mod file Firefly_v0.2.jar of type MOD with provider {mods folder locator at C:\Users\Julian\curseforge\minecraft\Instances\JYNXZIE\mods}
[23:05:30] [main/INFO]: Found mod file firstaid-1.12.0.jar of type MOD with provider {mods folder locator at C:\Users\Julian\curseforge\minecraft\Instances\JYNXZIE\mods}
[23:05:30] [main/INFO]: Found mod file firstperson-forge-2.2.0-mc1.19.2.jar of type MOD with provider {mods folder locator at C:\Users\Julian\curseforge\minecraft\Instances\JYNXZIE\mods}
[23:05:30] [main/INFO]: Found mod file ForgeEndertech-1.19.2-10.0.5.2-build.0735.jar of type MOD with provider {mods folder locator at C:\Users\Julian\curseforge\minecraft\Instances\JYNXZIE\mods}
[23:05:30] [main/INFO]: Found mod file framework-0.4.2-1.19.2.jar of type MOD with provider {mods folder locator at C:\Users\Julian\curseforge\minecraft\Instances\JYNXZIE\mods}
[23:05:30] [main/INFO]: Found mod file friendsandfoes-forge-mc1.19.2-1.8.1.jar of type MOD with provider {mods folder locator at C:\Users\Julian\curseforge\minecraft\Instances\JYNXZIE\mods}
[23:05:30] [main/INFO]: Found mod file frosted-friends-1.19.2-1.0.7.jar of type MOD with provider {mods folder locator at C:\Users\Julian\curseforge\minecraft\Instances\JYNXZIE\mods}
[23:05:30] [main/INFO]: Found mod file geckolib-forge-1.19-3.1.40.jar of type MOD with provider {mods folder locator at C:\Users\Julian\curseforge\minecraft\Instances\JYNXZIE\mods}
[23:05:30] [main/INFO]: Found mod file goblintraders-1.8.0-1.19.2.jar of type MOD with provider {mods folder locator at C:\Users\Julian\curseforge\minecraft\Instances\JYNXZIE\mods}
[23:05:30] [main/INFO]: Found mod file Grass_Overhaul-Forge1.19.2-22.10.19.jar of type MOD with provider {mods folder locator at C:\Users\Julian\curseforge\minecraft\Instances\JYNXZIE\mods}
[23:05:30] [main/INFO]: Found mod file guardvillagers-1.19.2-1.5.5.jar of type MOD with provider {mods folder locator at C:\Users\Julian\curseforge\minecraft\Instances\JYNXZIE\mods}
[23:05:30] [main/INFO]: Found mod file hunterillager-1.19.2-8.0.0.jar of type MOD with provider {mods folder locator at C:\Users\Julian\curseforge\minecraft\Instances\JYNXZIE\mods}
[23:05:30] [main/INFO]: Found mod file illager_additions-1.19-0.0.2-alpha.jar of type MOD with provider {mods folder locator at C:\Users\Julian\curseforge\minecraft\Instances\JYNXZIE\mods}
[23:05:30] [main/INFO]: Found mod file illagersweararmor-1.2.6-1.19.2.jar of type MOD with provider {mods folder locator at C:\Users\Julian\curseforge\minecraft\Instances\JYNXZIE\mods}
[23:05:30] [main/INFO]: Found mod file immersive-portals-2.3.5-mc1.19.2-forge.jar of type MOD with provider {mods folder locator at C:\Users\Julian\curseforge\minecraft\Instances\JYNXZIE\mods}
[23:05:30] [main/INFO]: Found mod file InsaneLib-1.7.5-mc1.19.2.jar of type MOD with provider {mods folder locator at C:\Users\Julian\curseforge\minecraft\Instances\JYNXZIE\mods}
[23:05:30] [main/INFO]: Found mod file ironchest-1.19.2-14.2.7.jar of type MOD with provider {mods folder locator at C:\Users\Julian\curseforge\minecraft\Instances\JYNXZIE\mods}
[23:05:30] [main/INFO]: Found mod file jei-1.19.2-forge-11.6.0.1015.jar of type MOD with provider {mods folder locator at C:\Users\Julian\curseforge\minecraft\Instances\JYNXZIE\mods}
[23:05:30] [main/INFO]: Found mod file JustEnoughResources-1.19.2-1.2.2.200.jar of type MOD with provider {mods folder locator at C:\Users\Julian\curseforge\minecraft\Instances\JYNXZIE\mods}
[23:05:30] [main/INFO]: Found mod file konkrete_forge_1.6.0_MC_1.19-1.19.2.jar of type MOD with provider {mods folder locator at C:\Users\Julian\curseforge\minecraft\Instances\JYNXZIE\mods}
[23:05:30] [main/INFO]: Found mod file leosillagers-1.1.2.jar of type MOD with provider {mods folder locator at C:\Users\Julian\curseforge\minecraft\Instances\JYNXZIE\mods}
[23:05:30] [main/INFO]: Found mod file libraryferret-forge-1.19.2-4.0.0.jar of type MOD with provider {mods folder locator at C:\Users\Julian\curseforge\minecraft\Instances\JYNXZIE\mods}
[23:05:30] [main/INFO]: Found mod file lightspeed-1.19.2-1.0.3.jar of type MOD with provider {mods folder locator at C:\Users\Julian\curseforge\minecraft\Instances\JYNXZIE\mods}
[23:05:30] [main/INFO]: Found mod file metalbarrels-1.19.2-5.0.1.jar of type MOD with provider {mods folder locator at C:\Users\Julian\curseforge\minecraft\Instances\JYNXZIE\mods}
[23:05:30] [main/INFO]: Found mod file minecolonies-1.19.2-1.0.1351-RELEASE.jar of type MOD with provider {mods folder locator at C:\Users\Julian\curseforge\minecraft\Instances\JYNXZIE\mods}
[23:05:30] [main/INFO]: Found mod file MissingWilds-forge-1.19-1.1.1.jar of type MOD with provider {mods folder locator at C:\Users\Julian\curseforge\minecraft\Instances\JYNXZIE\mods}
[23:05:30] [main/INFO]: Found mod file moonlight-1.19.2-2.2.31-forge.jar of type MOD with provider {mods folder locator at C:\Users\Julian\curseforge\minecraft\Instances\JYNXZIE\mods}
[23:05:30] [main/INFO]: Found mod file morevanillapotions-FORGE-1.19.2-1.6.jar of type MOD with provider {mods folder locator at C:\Users\Julian\curseforge\minecraft\Instances\JYNXZIE\mods}
[23:05:30] [main/INFO]: Found mod file morevillagers-forge-1.19-4.0.3.jar of type MOD with provider {mods folder locator at C:\Users\Julian\curseforge\minecraft\Instances\JYNXZIE\mods}
[23:05:30] [main/INFO]: Found mod file Morph-o-Tool-1.6-34.jar of type MOD with provider {mods folder locator at C:\Users\Julian\curseforge\minecraft\Instances\JYNXZIE\mods}
[23:05:30] [main/INFO]: Found mod file multipiston-1.19.2-1.2.21-ALPHA.jar of type MOD with provider {mods folder locator at C:\Users\Julian\curseforge\minecraft\Instances\JYNXZIE\mods}
[23:05:30] [main/INFO]: Found mod file music_player-1.19.2-2.5.1.202.jar of type MOD with provider {mods folder locator at C:\Users\Julian\curseforge\minecraft\Instances\JYNXZIE\mods}
[23:05:30] [main/INFO]: Found mod file MutantMonsters-v4.0.0-1.19.2-Forge.jar of type MOD with provider {mods folder locator at C:\Users\Julian\curseforge\minecraft\Instances\JYNXZIE\mods}
[23:05:30] [main/INFO]: Found mod file Nameless Trinkets-1.19.2-1.6.11.jar of type MOD with provider {mods folder locator at C:\Users\Julian\curseforge\minecraft\Instances\JYNXZIE\mods}
[23:05:30] [main/INFO]: Found mod file neapolitan-1.19.2-4.0.2.jar of type MOD with provider {mods folder locator at C:\Users\Julian\curseforge\minecraft\Instances\JYNXZIE\mods}
[23:05:30] [main/INFO]: Found mod file nether-s-exoticism-1.19.2-1.2.4.jar of type MOD with provider {mods folder locator at C:\Users\Julian\curseforge\minecraft\Instances\JYNXZIE\mods}
[23:05:30] [main/INFO]: Found mod file NethersDelight-1.19-3.0.jar of type MOD with provider {mods folder locator at C:\Users\Julian\curseforge\minecraft\Instances\JYNXZIE\mods}
[23:05:30] [main/INFO]: Found mod file nocube's_villagers_sell_animals_1.2.0_forge_1.19.2.jar of type MOD with provider {mods folder locator at C:\Users\Julian\curseforge\minecraft\Instances\JYNXZIE\mods}
[23:05:30] [main/INFO]: Found mod file notenoughanimations-forge-1.6.2-mc1.19.2.jar of type MOD with provider {mods folder locator at C:\Users\Julian\curseforge\minecraft\Instances\JYNXZIE\mods}
[23:05:30] [main/INFO]: Found mod file NotEnoughBreeding-1.19.2-1.0.0.jar of type MOD with provider {mods folder locator at C:\Users\Julian\curseforge\minecraft\Instances\JYNXZIE\mods}
[23:05:30] [main/INFO]: Found mod file notenoughcrashes-4.2.1+1.19.2-forge.jar of type MOD with provider {mods folder locator at C:\Users\Julian\curseforge\minecraft\Instances\JYNXZIE\mods}
[23:05:30] [main/INFO]: Found mod file obscure_api-14.jar of type MOD with provider {mods folder locator at C:\Users\Julian\curseforge\minecraft\Instances\JYNXZIE\mods}
[23:05:30] [main/INFO]: Found mod file Oh_The_Biomes_You'll_Go-forge-1.19.2-2.0.0.13.jar of type MOD with provider {mods folder locator at C:\Users\Julian\curseforge\minecraft\Instances\JYNXZIE\mods}
[23:05:30] [main/INFO]: Found mod file Orcz_0.85_1.19.2[PORT].jar of type MOD with provider {mods folder locator at C:\Users\Julian\curseforge\minecraft\Instances\JYNXZIE\mods}
[23:05:30] [main/INFO]: Found mod file Organics-1.19.2-0.1.9.jar of type MOD with provider {mods folder locator at C:\Users\Julian\curseforge\minecraft\Instances\JYNXZIE\mods}
[23:05:30] [main/INFO]: Found mod file overloadedarmorbar-1.19.3-7.1.jar of type MOD with provider {mods folder locator at C:\Users\Julian\curseforge\minecraft\Instances\JYNXZIE\mods}
[23:05:30] [main/INFO]: Found mod file pamhc2crops-1.19.2-1.0.1.jar of type MOD with provider {mods folder locator at C:\Users\Julian\curseforge\minecraft\Instances\JYNXZIE\mods}
[23:05:30] [main/INFO]: Found mod file pamhc2foodcore-1.19.2-1.0.0.jar of type MOD with provider {mods folder locator at C:\Users\Julian\curseforge\minecraft\Instances\JYNXZIE\mods}
[23:05:30] [main/INFO]: Found mod file pamhc2foodextended-1.19.2-1.0.0.jar of type MOD with provider {mods folder locator at C:\Users\Julian\curseforge\minecraft\Instances\JYNXZIE\mods}
[23:05:30] [main/INFO]: Found mod file pamhc2trees-1.19.2-1.0.1.jar of type MOD with provider {mods folder locator at C:\Users\Julian\curseforge\minecraft\Instances\JYNXZIE\mods}
[23:05:30] [main/INFO]: Found mod file Patchouli-1.19.2-77.jar of type MOD with provider {mods folder locator at C:\Users\Julian\curseforge\minecraft\Instances\JYNXZIE\mods}
[23:05:30] [main/INFO]: Found mod file Placebo-1.19.2-7.1.7.jar of type MOD with provider {mods folder locator at C:\Users\Julian\curseforge\minecraft\Instances\JYNXZIE\mods}
[23:05:30] [main/INFO]: Found mod file player-animation-lib-forge-1.0.2.jar of type MOD with provider {mods folder locator at C:\Users\Julian\curseforge\minecraft\Instances\JYNXZIE\mods}
[23:05:30] [main/INFO]: Found mod file ProjectE-1.19.2-PE1.0.1B.jar of type MOD with provider {mods folder locator at C:\Users\Julian\curseforge\minecraft\Instances\JYNXZIE\mods}
[23:05:30] [main/INFO]: Found mod file projectvibrantjourneys-1.19.2-5.1.0.jar of type MOD with provider {mods folder locator at C:\Users\Julian\curseforge\minecraft\Instances\JYNXZIE\mods}
[23:05:30] [main/INFO]: Found mod file PuzzlesLib-v4.4.0-1.19.2-Forge.jar of type MOD with provider {mods folder locator at C:\Users\Julian\curseforge\minecraft\Instances\JYNXZIE\mods}
[23:05:30] [main/INFO]: Found mod file rare-ice-0.5.1.jar of type MOD with provider {mods folder locator at C:\Users\Julian\curseforge\minecraft\Instances\JYNXZIE\mods}
[23:05:30] [main/INFO]: Found mod file ReAuth-1.19-Forge-4.0.7.jar of type MOD with provider {mods folder locator at C:\Users\Julian\curseforge\minecraft\Instances\JYNXZIE\mods}
[23:05:30] [main/INFO]: Found mod file Regrowth-1.19-41.1.31.1.jar of type MOD with provider {mods folder locator at C:\Users\Julian\curseforge\minecraft\Instances\JYNXZIE\mods}
[23:05:30] [main/INFO]: Found mod file REIPluginCompatibilities-forge-9.0.48.jar of type MOD with provider {mods folder locator at C:\Users\Julian\curseforge\minecraft\Instances\JYNXZIE\mods}
[23:05:30] [main/INFO]: Found mod file resourcefulconfig-forge-1.19.2-1.0.20.jar of type MOD with provider {mods folder locator at C:\Users\Julian\curseforge\minecraft\Instances\JYNXZIE\mods}
[23:05:30] [main/INFO]: Found mod file savage_and_ravage-1.19.2-5.0.4.jar of type MOD with provider {mods folder locator at C:\Users\Julian\curseforge\minecraft\Instances\JYNXZIE\mods}
[23:05:30] [main/INFO]: Found mod file seeds-1.19.2-1.1.3.jar of type MOD with provider {mods folder locator at C:\Users\Julian\curseforge\minecraft\Instances\JYNXZIE\mods}
[23:05:30] [main/INFO]: Found mod file SereneSeasons-1.19.2-8.1.0.24.jar of type MOD with provider {mods folder locator at C:\Users\Julian\curseforge\minecraft\Instances\JYNXZIE\mods}
[23:05:30] [main/INFO]: Found mod file shutupexperimentalsettings-1.0.5.jar of type MOD with provider {mods folder locator at C:\Users\Julian\curseforge\minecraft\Instances\JYNXZIE\mods}
[23:05:30] [main/INFO]: Found mod file slimy-stuff-1.19.2-1.0.9.jar of type MOD with provider {mods folder locator at C:\Users\Julian\curseforge\minecraft\Instances\JYNXZIE\mods}
[23:05:30] [main/INFO]: Found mod file smallernetherportals-1.19.2-3.4.jar of type MOD with provider {mods folder locator at C:\Users\Julian\curseforge\minecraft\Instances\JYNXZIE\mods}
[23:05:30] [main/INFO]: Found mod file smallships-1.19.2-2.0.0-Alpha-0.4.jar of type MOD with provider {mods folder locator at C:\Users\Julian\curseforge\minecraft\Instances\JYNXZIE\mods}
[23:05:30] [main/INFO]: Found mod file snowundertrees-1.19.2-1.3.1.jar of type MOD with provider {mods folder locator at C:\Users\Julian\curseforge\minecraft\Instances\JYNXZIE\mods}
[23:05:30] [main/INFO]: Found mod file sophisticatedbackpacks-1.19.2-3.18.44.815.jar of type MOD with provider {mods folder locator at C:\Users\Julian\curseforge\minecraft\Instances\JYNXZIE\mods}
[23:05:30] [main/INFO]: Found mod file sophisticatedcore-1.19.2-0.5.49.245.jar of type MOD with provider {mods folder locator at C:\Users\Julian\curseforge\minecraft\Instances\JYNXZIE\mods}
[23:05:30] [main/INFO]: Found mod file starterkit-1.19.2-5.2.jar of type MOD with provider {mods folder locator at C:\Users\Julian\curseforge\minecraft\Instances\JYNXZIE\mods}
[23:05:30] [main/INFO]: Found mod file Steve's_Vanilla_v0.5.0+1.19.2.jar of type MOD with provider {mods folder locator at C:\Users\Julian\curseforge\minecraft\Instances\JYNXZIE\mods}
[23:05:30] [main/INFO]: Found mod file structure_gel-1.19.2-2.7.2.jar of type MOD with provider {mods folder locator at C:\Users\Julian\curseforge\minecraft\Instances\JYNXZIE\mods}
[23:05:30] [main/INFO]: Found mod file structurize-1.19.2-1.0.491-ALPHA.jar of type MOD with provider {mods folder locator at C:\Users\Julian\curseforge\minecraft\Instances\JYNXZIE\mods}
[23:05:30] [main/INFO]: Found mod file supplementaries-1.19.2-2.3.4.jar of type MOD with provider {mods folder locator at C:\Users\Julian\curseforge\minecraft\Instances\JYNXZIE\mods}
[23:05:30] [main/INFO]: Found mod file swingthroughgrass-1.19.2-1.10.0.jar of type MOD with provider {mods folder locator at C:\Users\Julian\curseforge\minecraft\Instances\JYNXZIE\mods}
[23:05:30] [main/INFO]: Found mod file TerraBlender-forge-1.19.2-2.0.1.136.jar of type MOD with provider {mods folder locator at C:\Users\Julian\curseforge\minecraft\Instances\JYNXZIE\mods}
[23:05:30] [main/INFO]: Found mod file TF_Lost_Blocks-1.19.2-1.1.jar of type MOD with provider {mods folder locator at C:\Users\Julian\curseforge\minecraft\Instances\JYNXZIE\mods}
[23:05:30] [main/INFO]: Found mod file the-conjurer-1.19.2-1.1.5.jar of type MOD with provider {mods folder locator at C:\Users\Julian\curseforge\minecraft\Instances\JYNXZIE\mods}
[23:05:30] [main/INFO]: Found mod file titanium-1.19.2-3.7.3-27.jar of type MOD with provider {mods folder locator at C:\Users\Julian\curseforge\minecraft\Instances\JYNXZIE\mods}
[23:05:30] [main/INFO]: Found mod file ToastControl-1.19.2-7.0.0.jar of type MOD with provider {mods folder locator at C:\Users\Julian\curseforge\minecraft\Instances\JYNXZIE\mods}
[23:05:30] [main/INFO]: Found mod file ToughAsNails-1.19-8.0.0.78.jar of type MOD with provider {mods folder locator at C:\Users\Julian\curseforge\minecraft\Instances\JYNXZIE\mods}
[23:05:30] [main/INFO]: Found mod file Towns-and-Towers-v.1.10-_FORGE-1.19.2_.jar of type MOD with provider {mods folder locator at C:\Users\Julian\curseforge\minecraft\Instances\JYNXZIE\mods}
[23:05:30] [main/INFO]: Found mod file TrampleStopper-3.8.1-build.35+mc1.19.2.jar of type MOD with provider {mods folder locator at C:\Users\Julian\curseforge\minecraft\Instances\JYNXZIE\mods}
[23:05:30] [main/INFO]: Found mod file TreeChop-1.19.2-forge-0.17.8a.jar of type MOD with provider {mods folder locator at C:\Users\Julian\curseforge\minecraft\Instances\JYNXZIE\mods}
[23:05:30] [main/INFO]: Found mod file Tumbleweed-forge-1.19.2-0.5.3.jar of type MOD with provider {mods folder locator at C:\Users\Julian\curseforge\minecraft\Instances\JYNXZIE\mods}
[23:05:30] [main/INFO]: Found mod file twilightforest-1.19.2-4.2.1518-universal.jar of type MOD with provider {mods folder locator at C:\Users\Julian\curseforge\minecraft\Instances\JYNXZIE\mods}
[23:05:30] [main/INFO]: Found mod file u_team_core-1.19.2-4.4.3.236.jar of type MOD with provider {mods folder locator at C:\Users\Julian\curseforge\minecraft\Instances\JYNXZIE\mods}
[23:05:30] [main/INFO]: Found mod file untamedwilds-1.19.2-3.0.1.jar of type MOD with provider {mods folder locator at C:\Users\Julian\curseforge\minecraft\Instances\JYNXZIE\mods}
[23:05:30] [main/INFO]: Found mod file UnusualEnd1.19_V1.2.7.jar of type MOD with provider {mods folder locator at C:\Users\Julian\curseforge\minecraft\Instances\JYNXZIE\mods}
[23:05:30] [main/INFO]: Found mod file upgrade_aquatic-1.19.2-5.0.0.jar of type MOD with provider {mods folder locator at C:\Users\Julian\curseforge\minecraft\Instances\JYNXZIE\mods}
[23:05:30] [main/INFO]: Found mod file useless-sword-1.19.2-V1.4.1.jar of type MOD with provider {mods folder locator at C:\Users\Julian\curseforge\minecraft\Instances\JYNXZIE\mods}
[23:05:30] [main/INFO]: Found mod file vanilla_degus-1.19-v1.3.1-forge.jar of type MOD with provider {mods folder locator at C:\Users\Julian\curseforge\minecraft\Instances\JYNXZIE\mods}
[23:05:30] [main/INFO]: Found mod file vanillapluscompat-1.6.1-1.19.2.jar of type MOD with provider {mods folder locator at C:\Users\Julian\curseforge\minecraft\Instances\JYNXZIE\mods}
[23:05:30] [main/INFO]: Found mod file veinmining-forge-1.1.1+1.19.2.jar of type MOD with provider {mods folder locator at C:\Users\Julian\curseforge\minecraft\Instances\JYNXZIE\mods}
[23:05:30] [main/INFO]: Found mod file water-erosion-1.19.2-forge-1.1.4.jar of type MOD with provider {mods folder locator at C:\Users\Julian\curseforge\minecraft\Instances\JYNXZIE\mods}
[23:05:30] [main/INFO]: Found mod file waystones-forge-1.19.2-11.3.1.jar of type MOD with provider {mods folder locator at C:\Users\Julian\curseforge\minecraft\Instances\JYNXZIE\mods}
[23:05:30] [main/INFO]: Found mod file Wild Bushes 1.0.0 - 1.19.2.jar of type MOD with provider {mods folder locator at C:\Users\Julian\curseforge\minecraft\Instances\JYNXZIE\mods}
[23:05:30] [main/INFO]: Found mod file Wild Lands 1.0.4-1.19.2.jar of type MOD with provider {mods folder locator at C:\Users\Julian\curseforge\minecraft\Instances\JYNXZIE\mods}
[23:05:30] [main/INFO]: Found mod file WWOO-FORGE-3.1.9+1.19.x.jar of type MOD with provider {mods folder locator at C:\Users\Julian\curseforge\minecraft\Instances\JYNXZIE\mods}
[23:05:30] [main/INFO]: Found mod file YungsApi-1.19.2-Forge-3.8.9.jar of type MOD with provider {mods folder locator at C:\Users\Julian\curseforge\minecraft\Instances\JYNXZIE\mods}
[23:05:30] [main/INFO]: Found mod file YungsBetterDesertTemples-1.19.2-Forge-2.2.2.jar of type MOD with provider {mods folder locator at C:\Users\Julian\curseforge\minecraft\Instances\JYNXZIE\mods}
[23:05:30] [main/INFO]: Found mod file YungsBetterNetherFortresses-1.19.2-Forge-1.0.5.jar of type MOD with provider {mods folder locator at C:\Users\Julian\curseforge\minecraft\Instances\JYNXZIE\mods}
[23:05:30] [main/WARN]: Mod file C:\Users\Julian\curseforge\minecraft\Install\libraries\net\minecraftforge\fmlcore\1.19.2-43.2.8\fmlcore-1.19.2-43.2.8.jar is missing mods.toml file
[23:05:30] [main/WARN]: Mod file C:\Users\Julian\curseforge\minecraft\Install\libraries\net\minecraftforge\javafmllanguage\1.19.2-43.2.8\javafmllanguage-1.19.2-43.2.8.jar is missing mods.toml file
[23:05:30] [main/WARN]: Mod file C:\Users\Julian\curseforge\minecraft\Install\libraries\net\minecraftforge\lowcodelanguage\1.19.2-43.2.8\lowcodelanguage-1.19.2-43.2.8.jar is missing mods.toml file
[23:05:30] [main/WARN]: Mod file C:\Users\Julian\curseforge\minecraft\Install\libraries\net\minecraftforge\mclanguage\1.19.2-43.2.8\mclanguage-1.19.2-43.2.8.jar is missing mods.toml file
[23:05:30] [main/INFO]: Found mod file fmlcore-1.19.2-43.2.8.jar of type LIBRARY with provider net.minecraftforge.fml.loading.moddiscovery.MinecraftLocator@87abc48
[23:05:30] [main/INFO]: Found mod file javafmllanguage-1.19.2-43.2.8.jar of type LANGPROVIDER with provider net.minecraftforge.fml.loading.moddiscovery.MinecraftLocator@87abc48
[23:05:30] [main/INFO]: Found mod file lowcodelanguage-1.19.2-43.2.8.jar of type LANGPROVIDER with provider net.minecraftforge.fml.loading.moddiscovery.MinecraftLocator@87abc48
[23:05:30] [main/INFO]: Found mod file mclanguage-1.19.2-43.2.8.jar of type LANGPROVIDER with provider net.minecraftforge.fml.loading.moddiscovery.MinecraftLocator@87abc48
[23:05:30] [main/INFO]: Found mod file client-1.19.2-20220805.130853-srg.jar of type MOD with provider net.minecraftforge.fml.loading.moddiscovery.MinecraftLocator@87abc48
[23:05:30] [main/INFO]: Found mod file forge-1.19.2-43.2.8-universal.jar of type MOD with provider net.minecraftforge.fml.loading.moddiscovery.MinecraftLocator@87abc48
[23:05:30] [main/ERROR]: Failed to build unique mod list after mod discovery.
net.minecraftforge.fml.loading.EarlyLoadingException: Duplicate mods found
	at net.minecraftforge.fml.loading.UniqueModListBuilder.buildUniqueList(UniqueModListBuilder.java:78) ~[fmlloader-1.19.2-43.2.8.jar%2395!/:1.0]
	at net.minecraftforge.fml.loading.moddiscovery.ModDiscoverer.discoverMods(ModDiscoverer.java:105) ~[fmlloader-1.19.2-43.2.8.jar%2395!/:?]
	at net.minecraftforge.fml.loading.FMLLoader.beginModScan(FMLLoader.java:166) ~[fmlloader-1.19.2-43.2.8.jar%2395!/:1.0]
	at net.minecraftforge.fml.loading.FMLServiceProvider.beginScanning(FMLServiceProvider.java:86) ~[fmlloader-1.19.2-43.2.8.jar%2395!/:1.0]
	at cpw.mods.modlauncher.TransformationServiceDecorator.runScan(TransformationServiceDecorator.java:112) ~[modlauncher-10.0.8.jar%2382!/:?]
	at cpw.mods.modlauncher.TransformationServicesHandler.lambda$runScanningTransformationServices$8(TransformationServicesHandler.java:100) ~[modlauncher-10.0.8.jar%2382!/:?]
	at java.util.stream.ReferencePipeline$3$1.accept(ReferencePipeline.java:197) [?:?]
	at java.util.HashMap$ValueSpliterator.forEachRemaining(HashMap.java:1779) [?:?]
	at java.util.stream.AbstractPipeline.copyInto(AbstractPipeline.java:509) [?:?]
	at java.util.stream.AbstractPipeline.wrapAndCopyInto(AbstractPipeline.java:499) [?:?]
	at java.util.stream.AbstractPipeline.evaluate(AbstractPipeline.java:575) [?:?]
	at java.util.stream.AbstractPipeline.evaluateToArrayNode(AbstractPipeline.java:260) [?:?]
	at java.util.stream.ReferencePipeline.toArray(ReferencePipeline.java:616) [?:?]
	at java.util.stream.ReferencePipeline.toArray(ReferencePipeline.java:622) [?:?]
	at java.util.stream.ReferencePipeline.toList(ReferencePipeline.java:627) [?:?]
	at cpw.mods.modlauncher.TransformationServicesHandler.runScanningTransformationServices(TransformationServicesHandler.java:102) [modlauncher-10.0.8.jar%2382!/:?]
	at cpw.mods.modlauncher.TransformationServicesHandler.initializeTransformationServices(TransformationServicesHandler.java:55) [modlauncher-10.0.8.jar%2382!/:?]
	at cpw.mods.modlauncher.Launcher.run(Launcher.java:87) [modlauncher-10.0.8.jar%2382!/:?]
	at cpw.mods.modlauncher.Launcher.main(Launcher.java:77) [modlauncher-10.0.8.jar%2382!/:?]
	at cpw.mods.modlauncher.BootstrapLaunchConsumer.accept(BootstrapLaunchConsumer.java:26) [modlauncher-10.0.8.jar%2382!/:?]
	at cpw.mods.modlauncher.BootstrapLaunchConsumer.accept(BootstrapLaunchConsumer.java:23) [modlauncher-10.0.8.jar%2382!/:?]
	at cpw.mods.bootstraplauncher.BootstrapLauncher.main(BootstrapLauncher.java:141) [bootstraplauncher-1.1.2.jar:?]
[23:05:30] [main/ERROR]: Mod Discovery failed. Skipping dependency discovery.
